<?xml version="1.0" encoding="UTF-8"?>
<testng-results ignored="0" total="1" passed="1" failed="0" skipped="0">
  <reporter-output>
  </reporter-output>
  <suite started-at="2022-10-27T16:33:04 IST" name="Default suite" finished-at="2022-10-27T16:33:11 IST" duration-ms="6585">
    <groups>
    </groups>
    <test started-at="2022-10-27T16:33:04 IST" name="Default test" finished-at="2022-10-27T16:33:11 IST" duration-ms="6585">
      <class name="com.test.GooglePage">
        <test-method is-config="true" signature="beforeMethod()[pri:0, instance:com.test.GooglePage@169e6180]" started-at="2022-10-27T16:33:04 IST" name="beforeMethod" finished-at="2022-10-27T16:33:07 IST" duration-ms="2681" status="PASS">
          <reporter-output>
          </reporter-output>
        </test-method> <!-- beforeMethod -->
        <test-method signature="googlePageTest()[pri:0, instance:com.test.GooglePage@169e6180]" started-at="2022-10-27T16:33:07 IST" name="googlePageTest" finished-at="2022-10-27T16:33:11 IST" duration-ms="3866" status="PASS">
          <reporter-output>
          </reporter-output>
        </test-method> <!-- googlePageTest -->
        <test-method is-config="true" signature="afterMethod()[pri:0, instance:com.test.GooglePage@169e6180]" started-at="2022-10-27T16:33:11 IST" name="afterMethod" finished-at="2022-10-27T16:33:11 IST" duration-ms="0" status="PASS">
          <reporter-output>
          </reporter-output>
        </test-method> <!-- afterMethod -->
      </class> <!-- com.test.GooglePage -->
    </test> <!-- Default test -->
  </suite> <!-- Default suite -->
</testng-results>
