<?xml version="1.0" encoding="UTF-8"?>
<!-- Generated by org.testng.reporters.JUnitXMLReporter -->
<testsuite ignored="0" hostname="DESKTOP-KJ400B0" failures="0" tests="3" name="Default test" time="0.039" errors="0" timestamp="2022-10-26T18:51:19 IST">
  <testcase classname="com.service.CarTesting" name="color" time="0.01"/>
  <testcase classname="com.service.CarTesting" name="mailage" time="0.0"/>
  <testcase classname="com.service.CarTesting" name="speed" time="0.001"/>
</testsuite> <!-- Default test -->
