<?xml version="1.0" encoding="UTF-8"?>
<!-- Generated by org.testng.reporters.JUnitXMLReporter -->
<testsuite ignored="2" hostname="DESKTOP-KJ400B0" failures="0" tests="8" name="Test" time="0.067" errors="0" timestamp="2022-10-26T18:53:18 IST">
  <testcase classname="com.service.TestingHookMethods" name="test1" time="0.003"/>
  <testcase classname="com.service.TestingHookMethods" name="test2" time="0.001"/>
  <testcase classname="com.service.OperationTest" name="addTest" time="0.014"/>
  <testcase classname="com.service.OperationTest" name="divTest" time="0.001"/>
  <testcase classname="com.service.OperationTest" name="mulTest" time="0.001"/>
  <testcase classname="com.service.OperationTest" name="subTest" time="0.001"/>
  <testcase classname="com.service.EmployeeServiceTest" name="listOfEmployeeTest" time="0.008"/>
  <testcase classname="com.service.EmployeeServiceTest" name="updateSalaryTest" time="0.001"/>
  <testcase classname="com.service.EmployeeServiceTest" name="getEmployeeDetailsTest" time="0.0">
    <ignored/>
  </testcase> <!-- getEmployeeDetailsTest -->
  <testcase classname="com.service.EmployeeServiceTest" name="checkUserTest" time="0.0">
    <ignored/>
  </testcase> <!-- checkUserTest -->
</testsuite> <!-- Test -->
