<?xml version="1.0" encoding="UTF-8"?>
<!-- Generated by org.testng.reporters.JUnitXMLReporter -->
<testsuite ignored="0" hostname="DESKTOP-KJ400B0" failures="0" tests="6" name="VTest" time="0.009" errors="0" timestamp="2022-10-26T18:53:18 IST">
  <testcase classname="com.service.BikeTesting" name="color" time="0.001"/>
  <testcase classname="com.service.BikeTesting" name="mailage" time="0.001"/>
  <testcase classname="com.service.BikeTesting" name="speed" time="0.001"/>
  <testcase classname="com.service.CarTesting" name="color" time="0.001"/>
  <testcase classname="com.service.CarTesting" name="mailage" time="0.001"/>
  <testcase classname="com.service.CarTesting" name="speed" time="0.0"/>
</testsuite> <!-- VTest -->
